OUT: ^[[?1049h^[[?1h^[=^[[1;14r^[[?25l^[[1;1H^[[H^[[2J
-
OUT: ^[7^[[1;1H┌─^[[1C[英]^[[1C>>^[[1C[中]^[[1C──────────────────────────────────────────────────────────────────┬─^[[1C输出^[[1C───────────────────────────────────────────────────────────────────────────┐^[[2;1H│account^[[74C│帐户^[[78C│^[[3;1H│^[[81C│^[[82C│^[[4;1H│^[[81C│^[[82C│^[[5;1H│^[[81C│^[[82C│^[[6;1H│^[[81C│^[[82C│^[[7;1H├─^[[1C日志^[[1C──────────────────────────────────────────────────────────────────────────┼─^[[1C更多解释^[[1C───────────────────────────────────────────────────────────────────────┤^[[8;1H│account的定义^[[68C│account^[[1C的翻译^[[68C│^[[9;1H│名词^[[77C│名词^[[78C│^[[10;1H│a^[[1Creport^[[1Cor^[[1Cdescription^[[1Cof^[[1Can^[[1Cevent^[[1Cor^[[1Cexperience.^[[31C│帐户^[[78C│^[[11;1H│a^[[1Cdetailed^[[1Caccount^[[1Cof^[[1Cwhat^[[1Chas^[[1Cbeen^[[1Cachieved^[[37C│account^[[75C│^[[12;1H│同义词:^[[1Cdescription,^[[1Creport,^[[1Cversion,^[[1Cstory,^[[1Cnarration,^[[1Cnarrative,^[[1Cstatement,^[[4C│帐^[[80C│^[[13;1H│explanation,^[[1Cexposition,^[[1Cdelineation,^[[1Cportrayal,^[[1Ctale,^[[1Cchronicle,^[[1Chistory,^[[7C│account,^[[1Cdebt,^[[1Ctent,^[[1Ccredit,^[[1Ccurtain,^[[1Cmosquito^[[1Cnet^[[32C│^[[14;1H└─────────────────────────────────────────────────────────────────────────────────┴──────────────────────────────────────────────────────────────────────────────────┘^[8^[7^[[1;1H^[[4C英^[[6C中^[[71C输出^[[7;1H^[[7;4H日志^[[78C更多解释^[8^[7^[[1;1H^[[4C英^[[6C中^[[71C输出^[[7;1H^[[7;4H日志^[[78C更多解释^[[8;1H^[[8;9H的定义^[[69C ^[[7C的翻译^[[9;1H^[[9;2H名词^[[78C名词^[[10;1H^[[10;84H帐户^[[12;1H^[[12;2H同义词^[[76C帐^[8^[7^[[1;1H^[[4C英^[[6C中^[[71C输出^[[7;1H^[[7;4H日志^[[78C更多解释^[[8;1H^[[8;9H的定义^[[77C的翻译^[8^[7^[[1;1H^[[4C英^[[6C中^[[71C输出^[[7;1H^[[7;4H日志^[[78C更多解释^[[8;1H^[[8;9H的定义^[[77C的翻译^[8^[7^[[1;1H^[[4C英^[[6C中^[[71C输出^[[7;1H^[[7;4H日志^[[78C更多解释^[[8;1H^[[8;9H的定义^[[77C的翻译^[8^[7^[[1;1H^[[4C英^[[6C中^[[71C输出^[[7;1H^[[7;4H日志^[[78C更多解释^[[8;1H^[[8;9H的定义^[[77C的翻译^[8^[7^[[1;1H^[[4C英^[[6C中^[[71C输出^[[7;1H^[[7;4H日志^[[78C更多解释^[[8;1H^[[8;9H的定义^[[77C的翻译^[8^[7^[[1;1H^[[4C英^[[6C中^[[71C输出^[[7;1H^[[7;4H日志^[[78C更多解释^[[8;1H^[[8;9H的定义^[[77C的翻译^[8
-
IN: ^[OB
-
IN: ^[OB
-
IN: ^[OB
-
IN: ^[OB
-
IN: ^[OB
-
IN: ^[OB
-
IN: ^[OB
-
IN: ^[OB
-
IN: ^[OB
-
IN: ^[OB
-
IN: ^[OB
-
IN: ^[OB
-
IN: ^[OB
-
IN: ^C
-
